Started GET "/" for 127.0.0.1 at 2019-12-10 16:46:39 +0530
  
Mysql2::Error::ConnectionError (Access denied for user 'root'@'localhost' (using password: NO)):
  
mysql2 (0.5.3) lib/mysql2/client.rb:90:in `connect'
mysql2 (0.5.3) lib/mysql2/client.rb:90:in `initialize'
activerecord (6.0.1) lib/active_record/connection_adapters/mysql2_adapter.rb:24:in `new'
activerecord (6.0.1) lib/active_record/connection_adapters/mysql2_adapter.rb:24:in `mysql2_connection'
activerecord (6.0.1) lib/active_record/connection_adapters/abstract/connection_pool.rb:889:in `new_connection'
activerecord (6.0.1) lib/active_record/connection_adapters/abstract/connection_pool.rb:933:in `checkout_new_connection'
activerecord (6.0.1) lib/active_record/connection_adapters/abstract/connection_pool.rb:912:in `try_to_checkout_new_connection'
activerecord (6.0.1) lib/active_record/connection_adapters/abstract/connection_pool.rb:873:in `acquire_connection'
activerecord (6.0.1) lib/active_record/connection_adapters/abstract/connection_pool.rb:595:in `checkout'
activerecord (6.0.1) lib/active_record/connection_adapters/abstract/connection_pool.rb:439:in `connection'
activerecord (6.0.1) lib/active_record/connection_adapters/abstract/connection_pool.rb:1121:in `retrieve_connection'
activerecord (6.0.1) lib/active_record/connection_handling.rb:238:in `retrieve_connection'
activerecord (6.0.1) lib/active_record/connection_handling.rb:206:in `connection'
activerecord (6.0.1) lib/active_record/migration.rb:562:in `call'
actionpack (6.0.1) lib/action_dispatch/middleware/callbacks.rb:27:in `block in call'
activesupport (6.0.1) lib/active_support/callbacks.rb:101:in `run_callbacks'
actionpack (6.0.1) lib/action_dispatch/middleware/callbacks.rb:26:in `call'
actionpack (6.0.1) lib/action_dispatch/middleware/executor.rb:14:in `call'
actionpack (6.0.1) lib/action_dispatch/middleware/actionable_exceptions.rb:17:in `call'
actionpack (6.0.1) lib/action_dispatch/middleware/debug_exceptions.rb:32:in `call'
web-console (4.0.1) lib/web_console/middleware.rb:132:in `call_app'
web-console (4.0.1) lib/web_console/middleware.rb:28:in `block in call'
web-console (4.0.1) lib/web_console/middleware.rb:17:in `catch'
web-console (4.0.1) lib/web_console/middleware.rb:17:in `call'
actionpack (6.0.1) lib/action_dispatch/middleware/show_exceptions.rb:33:in `call'
railties (6.0.1) lib/rails/rack/logger.rb:38:in `call_app'
railties (6.0.1) lib/rails/rack/logger.rb:26:in `block in call'
activesupport (6.0.1) lib/active_support/tagged_logging.rb:80:in `block in tagged'
activesupport (6.0.1) lib/active_support/tagged_logging.rb:28:in `tagged'
activesupport (6.0.1) lib/active_support/tagged_logging.rb:80:in `tagged'
railties (6.0.1) lib/rails/rack/logger.rb:26:in `call'
sprockets-rails (3.2.1) lib/sprockets/rails/quiet_assets.rb:13:in `call'
actionpack (6.0.1) lib/action_dispatch/middleware/remote_ip.rb:81:in `call'
actionpack (6.0.1) lib/action_dispatch/middleware/request_id.rb:27:in `call'
rack (2.0.7) lib/rack/method_override.rb:22:in `call'
rack (2.0.7) lib/rack/runtime.rb:22:in `call'
activesupport (6.0.1) lib/active_support/cache/strategy/local_cache_middleware.rb:29:in `call'
actionpack (6.0.1) lib/action_dispatch/middleware/executor.rb:14:in `call'
actionpack (6.0.1) lib/action_dispatch/middleware/static.rb:126:in `call'
rack (2.0.7) lib/rack/sendfile.rb:111:in `call'
actionpack (6.0.1) lib/action_dispatch/middleware/host_authorization.rb:83:in `call'
webpacker (4.2.2) lib/webpacker/dev_server_proxy.rb:23:in `perform_request'
rack-proxy (0.6.5) lib/rack/proxy.rb:57:in `call'
railties (6.0.1) lib/rails/engine.rb:526:in `call'
puma (4.3.1) lib/puma/configuration.rb:228:in `call'
puma (4.3.1) lib/puma/server.rb:681:in `handle_request'
puma (4.3.1) lib/puma/server.rb:472:in `process_client'
puma (4.3.1) lib/puma/server.rb:328:in `block in run'
puma (4.3.1) lib/puma/thread_pool.rb:134:in `block in spawn_thread'
Started GET "/" for 127.0.0.1 at 2019-12-10 16:48:27 +0530
  
Mysql2::Error::ConnectionError (Access denied for user 'root'@'localhost' (using password: NO)):
  
mysql2 (0.5.3) lib/mysql2/client.rb:90:in `connect'
mysql2 (0.5.3) lib/mysql2/client.rb:90:in `initialize'
activerecord (6.0.1) lib/active_record/connection_adapters/mysql2_adapter.rb:24:in `new'
activerecord (6.0.1) lib/active_record/connection_adapters/mysql2_adapter.rb:24:in `mysql2_connection'
activerecord (6.0.1) lib/active_record/connection_adapters/abstract/connection_pool.rb:889:in `new_connection'
activerecord (6.0.1) lib/active_record/connection_adapters/abstract/connection_pool.rb:933:in `checkout_new_connection'
activerecord (6.0.1) lib/active_record/connection_adapters/abstract/connection_pool.rb:912:in `try_to_checkout_new_connection'
activerecord (6.0.1) lib/active_record/connection_adapters/abstract/connection_pool.rb:873:in `acquire_connection'
activerecord (6.0.1) lib/active_record/connection_adapters/abstract/connection_pool.rb:595:in `checkout'
activerecord (6.0.1) lib/active_record/connection_adapters/abstract/connection_pool.rb:439:in `connection'
activerecord (6.0.1) lib/active_record/connection_adapters/abstract/connection_pool.rb:1121:in `retrieve_connection'
activerecord (6.0.1) lib/active_record/connection_handling.rb:238:in `retrieve_connection'
activerecord (6.0.1) lib/active_record/connection_handling.rb:206:in `connection'
activerecord (6.0.1) lib/active_record/migration.rb:562:in `call'
actionpack (6.0.1) lib/action_dispatch/middleware/callbacks.rb:27:in `block in call'
activesupport (6.0.1) lib/active_support/callbacks.rb:101:in `run_callbacks'
actionpack (6.0.1) lib/action_dispatch/middleware/callbacks.rb:26:in `call'
actionpack (6.0.1) lib/action_dispatch/middleware/executor.rb:14:in `call'
actionpack (6.0.1) lib/action_dispatch/middleware/actionable_exceptions.rb:17:in `call'
actionpack (6.0.1) lib/action_dispatch/middleware/debug_exceptions.rb:32:in `call'
web-console (4.0.1) lib/web_console/middleware.rb:132:in `call_app'
web-console (4.0.1) lib/web_console/middleware.rb:28:in `block in call'
web-console (4.0.1) lib/web_console/middleware.rb:17:in `catch'
web-console (4.0.1) lib/web_console/middleware.rb:17:in `call'
actionpack (6.0.1) lib/action_dispatch/middleware/show_exceptions.rb:33:in `call'
railties (6.0.1) lib/rails/rack/logger.rb:38:in `call_app'
railties (6.0.1) lib/rails/rack/logger.rb:26:in `block in call'
activesupport (6.0.1) lib/active_support/tagged_logging.rb:80:in `block in tagged'
activesupport (6.0.1) lib/active_support/tagged_logging.rb:28:in `tagged'
activesupport (6.0.1) lib/active_support/tagged_logging.rb:80:in `tagged'
railties (6.0.1) lib/rails/rack/logger.rb:26:in `call'
sprockets-rails (3.2.1) lib/sprockets/rails/quiet_assets.rb:13:in `call'
actionpack (6.0.1) lib/action_dispatch/middleware/remote_ip.rb:81:in `call'
actionpack (6.0.1) lib/action_dispatch/middleware/request_id.rb:27:in `call'
rack (2.0.7) lib/rack/method_override.rb:22:in `call'
rack (2.0.7) lib/rack/runtime.rb:22:in `call'
activesupport (6.0.1) lib/active_support/cache/strategy/local_cache_middleware.rb:29:in `call'
actionpack (6.0.1) lib/action_dispatch/middleware/executor.rb:14:in `call'
actionpack (6.0.1) lib/action_dispatch/middleware/static.rb:126:in `call'
rack (2.0.7) lib/rack/sendfile.rb:111:in `call'
actionpack (6.0.1) lib/action_dispatch/middleware/host_authorization.rb:83:in `call'
webpacker (4.2.2) lib/webpacker/dev_server_proxy.rb:23:in `perform_request'
rack-proxy (0.6.5) lib/rack/proxy.rb:57:in `call'
railties (6.0.1) lib/rails/engine.rb:526:in `call'
puma (4.3.1) lib/puma/configuration.rb:228:in `call'
puma (4.3.1) lib/puma/server.rb:681:in `handle_request'
puma (4.3.1) lib/puma/server.rb:472:in `process_client'
puma (4.3.1) lib/puma/server.rb:328:in `block in run'
puma (4.3.1) lib/puma/thread_pool.rb:134:in `block in spawn_thread'
Started GET "/" for 127.0.0.1 at 2019-12-10 16:48:29 +0530
  
Mysql2::Error::ConnectionError (Access denied for user 'root'@'localhost' (using password: NO)):
  
mysql2 (0.5.3) lib/mysql2/client.rb:90:in `connect'
mysql2 (0.5.3) lib/mysql2/client.rb:90:in `initialize'
activerecord (6.0.1) lib/active_record/connection_adapters/mysql2_adapter.rb:24:in `new'
activerecord (6.0.1) lib/active_record/connection_adapters/mysql2_adapter.rb:24:in `mysql2_connection'
activerecord (6.0.1) lib/active_record/connection_adapters/abstract/connection_pool.rb:889:in `new_connection'
activerecord (6.0.1) lib/active_record/connection_adapters/abstract/connection_pool.rb:933:in `checkout_new_connection'
activerecord (6.0.1) lib/active_record/connection_adapters/abstract/connection_pool.rb:912:in `try_to_checkout_new_connection'
activerecord (6.0.1) lib/active_record/connection_adapters/abstract/connection_pool.rb:873:in `acquire_connection'
activerecord (6.0.1) lib/active_record/connection_adapters/abstract/connection_pool.rb:595:in `checkout'
activerecord (6.0.1) lib/active_record/connection_adapters/abstract/connection_pool.rb:439:in `connection'
activerecord (6.0.1) lib/active_record/connection_adapters/abstract/connection_pool.rb:1121:in `retrieve_connection'
activerecord (6.0.1) lib/active_record/connection_handling.rb:238:in `retrieve_connection'
activerecord (6.0.1) lib/active_record/connection_handling.rb:206:in `connection'
activerecord (6.0.1) lib/active_record/migration.rb:562:in `call'
actionpack (6.0.1) lib/action_dispatch/middleware/callbacks.rb:27:in `block in call'
activesupport (6.0.1) lib/active_support/callbacks.rb:101:in `run_callbacks'
actionpack (6.0.1) lib/action_dispatch/middleware/callbacks.rb:26:in `call'
actionpack (6.0.1) lib/action_dispatch/middleware/executor.rb:14:in `call'
actionpack (6.0.1) lib/action_dispatch/middleware/actionable_exceptions.rb:17:in `call'
actionpack (6.0.1) lib/action_dispatch/middleware/debug_exceptions.rb:32:in `call'
web-console (4.0.1) lib/web_console/middleware.rb:132:in `call_app'
web-console (4.0.1) lib/web_console/middleware.rb:28:in `block in call'
web-console (4.0.1) lib/web_console/middleware.rb:17:in `catch'
web-console (4.0.1) lib/web_console/middleware.rb:17:in `call'
actionpack (6.0.1) lib/action_dispatch/middleware/show_exceptions.rb:33:in `call'
railties (6.0.1) lib/rails/rack/logger.rb:38:in `call_app'
railties (6.0.1) lib/rails/rack/logger.rb:26:in `block in call'
activesupport (6.0.1) lib/active_support/tagged_logging.rb:80:in `block in tagged'
activesupport (6.0.1) lib/active_support/tagged_logging.rb:28:in `tagged'
activesupport (6.0.1) lib/active_support/tagged_logging.rb:80:in `tagged'
railties (6.0.1) lib/rails/rack/logger.rb:26:in `call'
sprockets-rails (3.2.1) lib/sprockets/rails/quiet_assets.rb:13:in `call'
actionpack (6.0.1) lib/action_dispatch/middleware/remote_ip.rb:81:in `call'
actionpack (6.0.1) lib/action_dispatch/middleware/request_id.rb:27:in `call'
rack (2.0.7) lib/rack/method_override.rb:22:in `call'
rack (2.0.7) lib/rack/runtime.rb:22:in `call'
activesupport (6.0.1) lib/active_support/cache/strategy/local_cache_middleware.rb:29:in `call'
actionpack (6.0.1) lib/action_dispatch/middleware/executor.rb:14:in `call'
actionpack (6.0.1) lib/action_dispatch/middleware/static.rb:126:in `call'
rack (2.0.7) lib/rack/sendfile.rb:111:in `call'
actionpack (6.0.1) lib/action_dispatch/middleware/host_authorization.rb:83:in `call'
webpacker (4.2.2) lib/webpacker/dev_server_proxy.rb:23:in `perform_request'
rack-proxy (0.6.5) lib/rack/proxy.rb:57:in `call'
railties (6.0.1) lib/rails/engine.rb:526:in `call'
puma (4.3.1) lib/puma/configuration.rb:228:in `call'
puma (4.3.1) lib/puma/server.rb:681:in `handle_request'
puma (4.3.1) lib/puma/server.rb:472:in `process_client'
puma (4.3.1) lib/puma/server.rb:328:in `block in run'
puma (4.3.1) lib/puma/thread_pool.rb:134:in `block in spawn_thread'
Started GET "/" for 127.0.0.1 at 2019-12-10 16:53:10 +0530
  
ActiveRecord::NoDatabaseError (Unknown database 'eten_development'):
  
activerecord (6.0.1) lib/active_record/connection_adapters/mysql2_adapter.rb:28:in `rescue in mysql2_connection'
activerecord (6.0.1) lib/active_record/connection_adapters/mysql2_adapter.rb:14:in `mysql2_connection'
activerecord (6.0.1) lib/active_record/connection_adapters/abstract/connection_pool.rb:889:in `new_connection'
activerecord (6.0.1) lib/active_record/connection_adapters/abstract/connection_pool.rb:933:in `checkout_new_connection'
activerecord (6.0.1) lib/active_record/connection_adapters/abstract/connection_pool.rb:912:in `try_to_checkout_new_connection'
activerecord (6.0.1) lib/active_record/connection_adapters/abstract/connection_pool.rb:873:in `acquire_connection'
activerecord (6.0.1) lib/active_record/connection_adapters/abstract/connection_pool.rb:595:in `checkout'
activerecord (6.0.1) lib/active_record/connection_adapters/abstract/connection_pool.rb:439:in `connection'
activerecord (6.0.1) lib/active_record/connection_adapters/abstract/connection_pool.rb:1121:in `retrieve_connection'
activerecord (6.0.1) lib/active_record/connection_handling.rb:238:in `retrieve_connection'
activerecord (6.0.1) lib/active_record/connection_handling.rb:206:in `connection'
activerecord (6.0.1) lib/active_record/migration.rb:562:in `call'
actionpack (6.0.1) lib/action_dispatch/middleware/callbacks.rb:27:in `block in call'
activesupport (6.0.1) lib/active_support/callbacks.rb:101:in `run_callbacks'
actionpack (6.0.1) lib/action_dispatch/middleware/callbacks.rb:26:in `call'
actionpack (6.0.1) lib/action_dispatch/middleware/executor.rb:14:in `call'
actionpack (6.0.1) lib/action_dispatch/middleware/actionable_exceptions.rb:17:in `call'
actionpack (6.0.1) lib/action_dispatch/middleware/debug_exceptions.rb:32:in `call'
web-console (4.0.1) lib/web_console/middleware.rb:132:in `call_app'
web-console (4.0.1) lib/web_console/middleware.rb:28:in `block in call'
web-console (4.0.1) lib/web_console/middleware.rb:17:in `catch'
web-console (4.0.1) lib/web_console/middleware.rb:17:in `call'
actionpack (6.0.1) lib/action_dispatch/middleware/show_exceptions.rb:33:in `call'
railties (6.0.1) lib/rails/rack/logger.rb:38:in `call_app'
railties (6.0.1) lib/rails/rack/logger.rb:26:in `block in call'
activesupport (6.0.1) lib/active_support/tagged_logging.rb:80:in `block in tagged'
activesupport (6.0.1) lib/active_support/tagged_logging.rb:28:in `tagged'
activesupport (6.0.1) lib/active_support/tagged_logging.rb:80:in `tagged'
railties (6.0.1) lib/rails/rack/logger.rb:26:in `call'
sprockets-rails (3.2.1) lib/sprockets/rails/quiet_assets.rb:13:in `call'
actionpack (6.0.1) lib/action_dispatch/middleware/remote_ip.rb:81:in `call'
actionpack (6.0.1) lib/action_dispatch/middleware/request_id.rb:27:in `call'
rack (2.0.7) lib/rack/method_override.rb:22:in `call'
rack (2.0.7) lib/rack/runtime.rb:22:in `call'
activesupport (6.0.1) lib/active_support/cache/strategy/local_cache_middleware.rb:29:in `call'
actionpack (6.0.1) lib/action_dispatch/middleware/executor.rb:14:in `call'
actionpack (6.0.1) lib/action_dispatch/middleware/static.rb:126:in `call'
rack (2.0.7) lib/rack/sendfile.rb:111:in `call'
actionpack (6.0.1) lib/action_dispatch/middleware/host_authorization.rb:83:in `call'
webpacker (4.2.2) lib/webpacker/dev_server_proxy.rb:23:in `perform_request'
rack-proxy (0.6.5) lib/rack/proxy.rb:57:in `call'
railties (6.0.1) lib/rails/engine.rb:526:in `call'
puma (4.3.1) lib/puma/configuration.rb:228:in `call'
puma (4.3.1) lib/puma/server.rb:681:in `handle_request'
puma (4.3.1) lib/puma/server.rb:472:in `process_client'
puma (4.3.1) lib/puma/server.rb:328:in `block in run'
puma (4.3.1) lib/puma/thread_pool.rb:134:in `block in spawn_thread'
  [1m[35m (9.3ms)[0m  [1m[35mSET NAMES utf8mb4,  @@SESSION.sql_mode = CONCAT(CONCAT(@@sql_mode, ',STRICT_ALL_TABLES'), ',NO_AUTO_VALUE_ON_ZERO'),  @@SESSION.sql_auto_is_null = 0, @@SESSION.wait_timeout = 2147483[0m
  [1m[35m (0.3ms)[0m  [1m[35mCREATE DATABASE `eten_development` DEFAULT CHARACTER SET `utf8mb4`[0m
  [1m[35m (0.3ms)[0m  [1m[35mSET NAMES utf8mb4,  @@SESSION.sql_mode = CONCAT(CONCAT(@@sql_mode, ',STRICT_ALL_TABLES'), ',NO_AUTO_VALUE_ON_ZERO'),  @@SESSION.sql_auto_is_null = 0, @@SESSION.wait_timeout = 2147483[0m
  [1m[35m (0.3ms)[0m  [1m[35mCREATE DATABASE `eten_test` DEFAULT CHARACTER SET `utf8mb4`[0m
  [1m[35m (0.4ms)[0m  [1m[35mSET NAMES utf8mb4,  @@SESSION.sql_mode = CONCAT(CONCAT(@@sql_mode, ',STRICT_ALL_TABLES'), ',NO_AUTO_VALUE_ON_ZERO'),  @@SESSION.sql_auto_is_null = 0, @@SESSION.wait_timeout = 2147483[0m
  [1m[35m (603.3ms)[0m  [1m[35mCREATE TABLE `schema_migrations` (`version` varchar(255) NOT NULL PRIMARY KEY)[0m
  [1m[35m (307.6ms)[0m  [1m[35mCREATE TABLE `ar_internal_metadata` (`key` varchar(255) NOT NULL PRIMARY KEY, `value` varchar(255), `created_at` datetime(6) NOT NULL, `updated_at` datetime(6) NOT NULL)[0m
  [1m[35m (0.5ms)[0m  [1m[34mSELECT GET_LOCK('2009858255556866610', 0)[0m
  [1m[35m (0.3ms)[0m  [1m[34mSELECT `schema_migrations`.`version` FROM `schema_migrations` ORDER BY `schema_migrations`.`version` ASC[0m
  [1m[36mActiveRecord::InternalMetadata Load (0.4ms)[0m  [1m[34mSELECT `ar_internal_metadata`.* FROM `ar_internal_metadata` WHERE `ar_internal_metadata`.`key` = 'environment' LIMIT 1[0m
  [1m[35m (0.2ms)[0m  [1m[35mBEGIN[0m
  [1m[36mActiveRecord::InternalMetadata Create (14.1ms)[0m  [1m[32mINSERT INTO `ar_internal_metadata` (`key`, `value`, `created_at`, `updated_at`) VALUES ('environment', 'development', '2019-12-10 11:24:01.824536', '2019-12-10 11:24:01.824536')[0m
  [1m[35m (43.8ms)[0m  [1m[35mCOMMIT[0m
  [1m[35m (0.4ms)[0m  [1m[34mSELECT RELEASE_LOCK('2009858255556866610')[0m
  [1m[35m (0.5ms)[0m  [1m[35mSET NAMES utf8mb4,  @@SESSION.sql_mode = CONCAT(CONCAT(@@sql_mode, ',STRICT_ALL_TABLES'), ',NO_AUTO_VALUE_ON_ZERO'),  @@SESSION.sql_auto_is_null = 0, @@SESSION.wait_timeout = 2147483[0m
  [1m[35m (0.4ms)[0m  [1m[34mSELECT `schema_migrations`.`version` FROM `schema_migrations` ORDER BY `schema_migrations`.`version` ASC[0m
Started GET "/" for 127.0.0.1 at 2019-12-10 16:54:11 +0530
  [1m[35m (0.5ms)[0m  [1m[35mSET NAMES utf8mb4,  @@SESSION.sql_mode = CONCAT(CONCAT(@@sql_mode, ',STRICT_ALL_TABLES'), ',NO_AUTO_VALUE_ON_ZERO'),  @@SESSION.sql_auto_is_null = 0, @@SESSION.wait_timeout = 2147483[0m
Processing by Rails::WelcomeController#index as HTML
  Rendering /home/ajit/.rbenv/versions/2.6.5/lib/ruby/gems/2.6.0/gems/railties-6.0.1/lib/rails/templates/rails/welcome/index.html.erb
  Rendered /home/ajit/.rbenv/versions/2.6.5/lib/ruby/gems/2.6.0/gems/railties-6.0.1/lib/rails/templates/rails/welcome/index.html.erb (Duration: 16.0ms | Allocations: 309)
Completed 200 OK in 26ms (Views: 19.8ms | ActiveRecord: 0.0ms | Allocations: 1750)


  [1m[35m (0.8ms)[0m  [1m[35mSET NAMES utf8mb4,  @@SESSION.sql_mode = CONCAT(CONCAT(@@sql_mode, ',STRICT_ALL_TABLES'), ',NO_AUTO_VALUE_ON_ZERO'),  @@SESSION.sql_auto_is_null = 0, @@SESSION.wait_timeout = 2147483[0m
  [1m[35m (0.2ms)[0m  [1m[34mSELECT GET_LOCK('2009858255556866610', 0)[0m
  [1m[35m (0.3ms)[0m  [1m[34mSELECT `schema_migrations`.`version` FROM `schema_migrations` ORDER BY `schema_migrations`.`version` ASC[0m
Migrating to CreateTenders (20191210113051)
  [1m[35m (346.4ms)[0m  [1m[35mCREATE TABLE `tenders` (`id` bigint NOT NULL AUTO_INCREMENT PRIMARY KEY, `title` varchar(255), `body` text, `created_at` datetime(6) NOT NULL, `updated_at` datetime(6) NOT NULL)[0m
  [1m[35m (0.3ms)[0m  [1m[35mBEGIN[0m
  [1m[36mprimary::SchemaMigration Create (1.0ms)[0m  [1m[32mINSERT INTO `schema_migrations` (`version`) VALUES ('20191210113051')[0m
  [1m[35m (37.6ms)[0m  [1m[35mCOMMIT[0m
  [1m[36mActiveRecord::InternalMetadata Load (0.7ms)[0m  [1m[34mSELECT `ar_internal_metadata`.* FROM `ar_internal_metadata` WHERE `ar_internal_metadata`.`key` = 'environment' LIMIT 1[0m
  [1m[35m (0.2ms)[0m  [1m[34mSELECT RELEASE_LOCK('2009858255556866610')[0m
  [1m[35m (0.2ms)[0m  [1m[35mSET NAMES utf8mb4,  @@SESSION.sql_mode = CONCAT(CONCAT(@@sql_mode, ',STRICT_ALL_TABLES'), ',NO_AUTO_VALUE_ON_ZERO'),  @@SESSION.sql_auto_is_null = 0, @@SESSION.wait_timeout = 2147483[0m
  [1m[35m (0.2ms)[0m  [1m[34mSELECT `schema_migrations`.`version` FROM `schema_migrations` ORDER BY `schema_migrations`.`version` ASC[0m
Started GET "/tenders" for 127.0.0.1 at 2019-12-10 17:03:16 +0530
  [1m[35m (0.3ms)[0m  [1m[35mSET NAMES utf8mb4,  @@SESSION.sql_mode = CONCAT(CONCAT(@@sql_mode, ',STRICT_ALL_TABLES'), ',NO_AUTO_VALUE_ON_ZERO'),  @@SESSION.sql_auto_is_null = 0, @@SESSION.wait_timeout = 2147483[0m
  [1m[35m (0.3ms)[0m  [1m[34mSELECT `schema_migrations`.`version` FROM `schema_migrations` ORDER BY `schema_migrations`.`version` ASC[0m
Processing by TendersController#index as HTML
  Rendering tenders/index.html.erb within layouts/application
  [1m[36mTender Load (0.7ms)[0m  [1m[34mSELECT `tenders`.* FROM `tenders`[0m
  ↳ app/views/tenders/index.html.erb:15
  Rendered tenders/index.html.erb within layouts/application (Duration: 8.5ms | Allocations: 1446)
[Webpacker] Compiling...
[Webpacker] Compiled all packs in /home/ajit/projects/test/eten/public/packs
[Webpacker] Hash: 53154d7baad00c6a1252
Version: webpack 4.41.2
Time: 2178ms
Built at: 12/10/2019 5:03:21 PM
                                     Asset       Size       Chunks                         Chunk Names
    js/application-0b67a3cc2fcde6055024.js    124 KiB  application  [emitted] [immutable]  application
js/application-0b67a3cc2fcde6055024.js.map    139 KiB  application  [emitted] [dev]        application
                             manifest.json  364 bytes               [emitted]              
Entrypoint application = js/application-0b67a3cc2fcde6055024.js js/application-0b67a3cc2fcde6055024.js.map
[./app/javascript/channels sync recursive _channel\.js$] ./app/javascript/channels sync _channel\.js$ 160 bytes {application} [built]
[./app/javascript/channels/index.js] 211 bytes {application} [built]
[./app/javascript/packs/application.js] 749 bytes {application} [built]
[./node_modules/webpack/buildin/module.js] (webpack)/buildin/module.js 552 bytes {application} [built]
    + 3 hidden modules

Completed 200 OK in 4316ms (Views: 4312.1ms | ActiveRecord: 1.8ms | Allocations: 23743)


Started GET "/tenders" for 127.0.0.1 at 2019-12-10 17:03:23 +0530
Processing by TendersController#index as HTML
  Rendering tenders/index.html.erb within layouts/application
  [1m[36mTender Load (0.3ms)[0m  [1m[34mSELECT `tenders`.* FROM `tenders`[0m
  ↳ app/views/tenders/index.html.erb:15
  Rendered tenders/index.html.erb within layouts/application (Duration: 1.4ms | Allocations: 686)
[Webpacker] Everything's up-to-date. Nothing to do
Completed 200 OK in 7ms (Views: 5.4ms | ActiveRecord: 0.3ms | Allocations: 4147)


Started GET "/tenders/new" for 127.0.0.1 at 2019-12-10 17:03:25 +0530
Processing by TendersController#new as HTML
  Rendering tenders/new.html.erb within layouts/application
  Rendered tenders/_form.html.erb (Duration: 266.2ms | Allocations: 5305)
  Rendered tenders/new.html.erb within layouts/application (Duration: 267.2ms | Allocations: 5665)
[Webpacker] Everything's up-to-date. Nothing to do
Completed 200 OK in 280ms (Views: 274.5ms | ActiveRecord: 0.6ms | Allocations: 12257)


Started POST "/tenders" for 127.0.0.1 at 2019-12-10 17:03:36 +0530
Processing by TendersController#create as HTML
  Parameters: {"authenticity_token"=>"0AZZLJpm7zHec5KYvy2cSDs1PlRzl1gIfXaCr+aUUigIg2ppGYFt/1KGxZOdjiiyPiJPUtcDDHNCkaz7vgH/4A==", "tender"=>{"title"=>"tender 1", "body"=>""}, "commit"=>"Create Tender"}
  [1m[35m (1.1ms)[0m  [1m[35mBEGIN[0m
  ↳ app/controllers/tenders_controller.rb:30:in `block in create'
  [1m[36mTender Create (0.3ms)[0m  [1m[32mINSERT INTO `tenders` (`title`, `body`, `created_at`, `updated_at`) VALUES ('tender 1', '', '2019-12-10 11:33:36.392421', '2019-12-10 11:33:36.392421')[0m
  ↳ app/controllers/tenders_controller.rb:30:in `block in create'
  [1m[35m (93.6ms)[0m  [1m[35mCOMMIT[0m
  ↳ app/controllers/tenders_controller.rb:30:in `block in create'
Redirected to http://127.0.0.1:3000/tenders/1
Completed 302 Found in 109ms (ActiveRecord: 95.1ms | Allocations: 2935)


Started GET "/tenders/1" for 127.0.0.1 at 2019-12-10 17:03:36 +0530
Processing by TendersController#show as HTML
  Parameters: {"id"=>"1"}
  [1m[36mTender Load (0.5ms)[0m  [1m[34mSELECT `tenders`.* FROM `tenders` WHERE `tenders`.`id` = 1 LIMIT 1[0m
  ↳ app/controllers/tenders_controller.rb:67:in `set_tender'
  Rendering tenders/show.html.erb within layouts/application
  Rendered tenders/show.html.erb within layouts/application (Duration: 2.0ms | Allocations: 273)
[Webpacker] Everything's up-to-date. Nothing to do
Completed 200 OK in 19ms (Views: 12.5ms | ActiveRecord: 0.5ms | Allocations: 4881)


Started GET "/tenders" for 127.0.0.1 at 2019-12-10 17:03:40 +0530
Processing by TendersController#index as HTML
  Rendering tenders/index.html.erb within layouts/application
  [1m[36mTender Load (0.7ms)[0m  [1m[34mSELECT `tenders`.* FROM `tenders`[0m
  ↳ app/views/tenders/index.html.erb:15
  Rendered tenders/index.html.erb within layouts/application (Duration: 5.5ms | Allocations: 811)
[Webpacker] Everything's up-to-date. Nothing to do
Completed 200 OK in 18ms (Views: 16.8ms | ActiveRecord: 0.7ms | Allocations: 4260)


Started DELETE "/tenders/1" for 127.0.0.1 at 2019-12-10 17:03:52 +0530
Processing by TendersController#destroy as HTML
  Parameters: {"authenticity_token"=>"hFCAK2suHPD1nG4U23TcPqrtMBpEl3us1ZscolYO9eKWVaahXKP7swficMCXNrMMbbH/pKr6HHWL6B2LNaXNGA==", "id"=>"1"}
  [1m[36mTender Load (0.7ms)[0m  [1m[34mSELECT `tenders`.* FROM `tenders` WHERE `tenders`.`id` = 1 LIMIT 1[0m
  ↳ app/controllers/tenders_controller.rb:67:in `set_tender'
  [1m[35m (0.2ms)[0m  [1m[35mBEGIN[0m
  ↳ app/controllers/tenders_controller.rb:57:in `destroy'
  [1m[36mTender Destroy (49.6ms)[0m  [1m[31mDELETE FROM `tenders` WHERE `tenders`.`id` = 1[0m
  ↳ app/controllers/tenders_controller.rb:57:in `destroy'
  [1m[35m (75.8ms)[0m  [1m[35mCOMMIT[0m
  ↳ app/controllers/tenders_controller.rb:57:in `destroy'
Redirected to http://127.0.0.1:3000/tenders
Completed 302 Found in 139ms (ActiveRecord: 126.3ms | Allocations: 2820)


Started GET "/tenders" for 127.0.0.1 at 2019-12-10 17:03:52 +0530
Processing by TendersController#index as HTML
  Rendering tenders/index.html.erb within layouts/application
  [1m[36mTender Load (0.5ms)[0m  [1m[34mSELECT `tenders`.* FROM `tenders`[0m
  ↳ app/views/tenders/index.html.erb:15
  Rendered tenders/index.html.erb within layouts/application (Duration: 1.8ms | Allocations: 682)
[Webpacker] Everything's up-to-date. Nothing to do
Completed 200 OK in 8ms (Views: 6.5ms | ActiveRecord: 0.5ms | Allocations: 4138)


Started GET "/tenders" for 127.0.0.1 at 2019-12-10 17:09:15 +0530
  [1m[35m (0.2ms)[0m  [1m[35mSET NAMES utf8mb4,  @@SESSION.sql_mode = CONCAT(CONCAT(@@sql_mode, ',STRICT_ALL_TABLES'), ',NO_AUTO_VALUE_ON_ZERO'),  @@SESSION.sql_auto_is_null = 0, @@SESSION.wait_timeout = 2147483[0m
Processing by TendersController#index as HTML
  Rendering tenders/index.html.erb within layouts/application
  [1m[36mTender Load (0.3ms)[0m  [1m[34mSELECT `tenders`.* FROM `tenders`[0m
  ↳ app/views/tenders/index.html.erb:15
  Rendered tenders/index.html.erb within layouts/application (Duration: 2.0ms | Allocations: 678)
[Webpacker] Everything's up-to-date. Nothing to do
Completed 200 OK in 20ms (Views: 18.7ms | ActiveRecord: 0.3ms | Allocations: 10305)


Started GET "/tenders" for 127.0.0.1 at 2019-12-10 21:10:16 +0530
  [1m[35m (0.4ms)[0m  [1m[35mSET NAMES utf8mb4,  @@SESSION.sql_mode = CONCAT(CONCAT(@@sql_mode, ',STRICT_ALL_TABLES'), ',NO_AUTO_VALUE_ON_ZERO'),  @@SESSION.sql_auto_is_null = 0, @@SESSION.wait_timeout = 2147483[0m
  [1m[35m (0.3ms)[0m  [1m[34mSELECT `schema_migrations`.`version` FROM `schema_migrations` ORDER BY `schema_migrations`.`version` ASC[0m
Processing by TendersController#index as HTML
  Rendering tenders/index.html.erb within layouts/application
  [1m[36mTender Load (0.4ms)[0m  [1m[34mSELECT `tenders`.* FROM `tenders`[0m
  ↳ app/views/tenders/index.html.erb:15
  Rendered tenders/index.html.erb within layouts/application (Duration: 4.6ms | Allocations: 1561)
[Webpacker] Everything's up-to-date. Nothing to do
Completed 200 OK in 104ms (Views: 89.0ms | ActiveRecord: 0.9ms | Allocations: 27075)


Started GET "/tenders/new" for 127.0.0.1 at 2019-12-10 21:10:18 +0530
Processing by TendersController#new as HTML
  Rendering tenders/new.html.erb within layouts/application
  Rendered tenders/_form.html.erb (Duration: 7.0ms | Allocations: 2795)
  Rendered tenders/new.html.erb within layouts/application (Duration: 7.9ms | Allocations: 3155)
[Webpacker] Everything's up-to-date. Nothing to do
Completed 200 OK in 20ms (Views: 12.5ms | ActiveRecord: 1.1ms | Allocations: 10107)


Started POST "/tenders" for 127.0.0.1 at 2019-12-10 21:10:23 +0530
Processing by TendersController#create as HTML
  Parameters: {"authenticity_token"=>"VmDIjFyqRO3nT7ZekYHvRry4np7nQhebGwj7Ib89/geki35xIMET8ePmGiho3TwN8Y9idmWIr63yjebyfOwhTw==", "tender"=>{"title"=>"sdsd", "body"=>"sdsds"}, "commit"=>"Create Tender"}
  [1m[35m (0.2ms)[0m  [1m[35mBEGIN[0m
  ↳ app/controllers/tenders_controller.rb:30:in `block in create'
  [1m[36mTender Create (0.3ms)[0m  [1m[32mINSERT INTO `tenders` (`title`, `body`, `created_at`, `updated_at`) VALUES ('sdsd', 'sdsds', '2019-12-10 15:40:23.933114', '2019-12-10 15:40:23.933114')[0m
  ↳ app/controllers/tenders_controller.rb:30:in `block in create'
  [1m[35m (101.0ms)[0m  [1m[35mCOMMIT[0m
  ↳ app/controllers/tenders_controller.rb:30:in `block in create'
Redirected to http://127.0.0.1:3000/tenders/2
Completed 302 Found in 116ms (ActiveRecord: 101.5ms | Allocations: 2985)


Started GET "/tenders/2" for 127.0.0.1 at 2019-12-10 21:10:24 +0530
Processing by TendersController#show as HTML
  Parameters: {"id"=>"2"}
  [1m[36mTender Load (0.4ms)[0m  [1m[34mSELECT `tenders`.* FROM `tenders` WHERE `tenders`.`id` = 2 LIMIT 1[0m
  ↳ app/controllers/tenders_controller.rb:67:in `set_tender'
  Rendering tenders/show.html.erb within layouts/application
  Rendered tenders/show.html.erb within layouts/application (Duration: 0.7ms | Allocations: 273)
[Webpacker] Everything's up-to-date. Nothing to do
Completed 200 OK in 27ms (Views: 16.8ms | ActiveRecord: 0.4ms | Allocations: 5240)


Started GET "/tenders" for 127.0.0.1 at 2019-12-10 21:10:26 +0530
Processing by TendersController#index as HTML
  Rendering tenders/index.html.erb within layouts/application
  [1m[36mTender Load (0.3ms)[0m  [1m[34mSELECT `tenders`.* FROM `tenders`[0m
  ↳ app/views/tenders/index.html.erb:15
  Rendered tenders/index.html.erb within layouts/application (Duration: 3.6ms | Allocations: 820)
[Webpacker] Everything's up-to-date. Nothing to do
Completed 200 OK in 19ms (Views: 16.6ms | ActiveRecord: 0.3ms | Allocations: 4630)


Started GET "/pages/home" for 127.0.0.1 at 2019-12-10 21:10:52 +0530
Processing by PagesController#home as HTML
  Rendering pages/home.html.erb within layouts/application
  Rendered pages/home.html.erb within layouts/application (Duration: 0.4ms | Allocations: 88)
[Webpacker] Everything's up-to-date. Nothing to do
Completed 200 OK in 26ms (Views: 21.7ms | ActiveRecord: 0.0ms | Allocations: 4451)


Started GET "/pages/home" for 127.0.0.1 at 2019-12-10 21:12:50 +0530
Processing by PagesController#home as HTML
Completed 500 Internal Server Error in 2ms (ActiveRecord: 0.0ms | Allocations: 2173)


  
NameError (uninitialized constant PagesController::Blog):
  
app/controllers/pages_controller.rb:3:in `home'
Started GET "/pages/home" for 127.0.0.1 at 2019-12-10 21:13:18 +0530
Processing by PagesController#home as HTML
  Rendering pages/home.html.erb within layouts/application
  [1m[36mTender Load (0.3ms)[0m  [1m[34mSELECT `tenders`.* FROM `tenders` LIMIT 11[0m
  ↳ app/views/pages/home.html.erb:3
  Rendered pages/home.html.erb within layouts/application (Duration: 9.0ms | Allocations: 3929)
[Webpacker] Everything's up-to-date. Nothing to do
Completed 200 OK in 19ms (Views: 15.5ms | ActiveRecord: 1.3ms | Allocations: 9074)


